<?xml version="1.0" encoding="UTF-8"?>
<!-- Generated by org.testng.reporters.JUnitReportReporter -->
<testsuite hostname="BLRMTAPL139" failures="0" tests="2" name="TestNG.Computers" time="23.092" errors="0" timestamp="2025-07-10T14:41:31 IST" skipped="0">
  <testcase classname="TestNG.Computers" name="A" time="9.556"/>
  <system-out/>
  <testcase classname="TestNG.Computers" name="Execute" time="13.536"/>
  <system-out/>
</testsuite> <!-- TestNG.Computers -->
