<?xml version="1.0" encoding="UTF-8"?>
<!-- Generated by org.testng.reporters.JUnitReportReporter -->
<testsuite hostname="BLRMTAPL139" failures="0" tests="1" name="TestNG.Checkbox" time="16.226" errors="0" timestamp="2025-07-04T16:01:58 IST" skipped="0">
  <testcase classname="TestNG.Checkbox" name="Execute" time="16.226"/>
  <system-out/>
</testsuite> <!-- TestNG.Checkbox -->
