<?xml version="1.0" encoding="UTF-8"?>
<!-- Generated by org.testng.reporters.JUnitReportReporter -->
<testsuite hostname="BLRMTAPL139" failures="0" tests="2" name="TestNG.Home" time="7.053" errors="0" timestamp="2025-07-10T14:41:31 IST" skipped="1">
  <testcase classname="TestNG.Home" name="A" time="7.053"/>
  <system-out/>
  <testcase classname="TestNG.Home" name="Execute">
    <skipped/>
  </testcase> <!-- Execute -->
  <system-out/>
</testsuite> <!-- TestNG.Home -->
