<?xml version="1.0" encoding="UTF-8"?>
<!-- Generated by org.testng.reporters.JUnitReportReporter -->
<testsuite hostname="BLRMTAPL139" failures="0" tests="3" name="TestNG.TNG_001" time="0.015" errors="0" timestamp="2025-06-30T16:32:49 IST" skipped="1">
  <testcase classname="TestNG.TNG_001" name="f" time="0.002"/>
  <system-out/>
  <testcase classname="TestNG.TNG_001" name="f" time="0.013"/>
  <system-out/>
  <testcase classname="TestNG.TNG_001" name="beforeTest">
    <skipped/>
  </testcase> <!-- beforeTest -->
  <system-out/>
</testsuite> <!-- TestNG.TNG_001 -->
